<?xml version="1.0" encoding="UTF-8"?>
<testsuite xmlns:xsi="http://www.w3.org/2001/XMLSchema-instance" xsi:noNamespaceSchemaLocation="https://maven.apache.org/surefire/maven-surefire-plugin/xsd/surefire-test-report.xsd" name="MainTest" time="0.794" tests="6" errors="0" skipped="0" failures="0">
  <properties>
[...]
</properties>
  <testcase name="testWorkintechListSortMethod" classname="MainTest" time="0.022"/>
  <testcase name="testWorkintechListRemoveMethod" classname="MainTest" time="0"/>
  <testcase name="testWorkintechListAddMethod" classname="MainTest" time="0.002"/>
  <testcase name="testPalindrome" classname="MainTest" time="0.003"/>
  <testcase name="testWorkintechListType" classname="MainTest" time="0"/>
  <testcase name="testConvertToDecimal" classname="MainTest" time="0"/>
</testsuite>